<?xml version="1.0" encoding="UTF-8"?>
<!-- Generated by org.testng.reporters.JUnitXMLReporter -->
<testsuite hostname="TXCHD-PC-010" failures="0" tests="32" name="Cucumeber Test" time="59.633" errors="0" timestamp="21 Jan 2021 05:28:12 GMT">
  <testcase classname="test_runner.RunCukesPrerequisite" name="ftuuserwithphone" time="53.054"/>
  <testcase classname="test_runner.RunCukeEndUserLogin" name="EndUserLoginwithEmail" time="0.0">
    <skipped/>
  </testcase> <!-- EndUserLoginwithEmail -->
  <testcase classname="test_runner.RunCukeEndUserLogin" name="EndUserLoginwithPhone" time="0.0">
    <skipped/>
  </testcase> <!-- EndUserLoginwithPhone -->
  <testcase classname="test_runner.RunCukeEndUserLogin" name="EndUserLoginwitoutMFA" time="0.0">
    <skipped/>
  </testcase> <!-- EndUserLoginwitoutMFA -->
  <testcase classname="test_runner.RunCukeEndUserLogin" name="LoginWithoutPhone" time="0.0">
    <skipped/>
  </testcase> <!-- LoginWithoutPhone -->
  <testcase classname="test_runner.RunCukeEndUserLogin" name="LoginWithoutSecurityQuestion" time="0.0">
    <skipped/>
  </testcase> <!-- LoginWithoutSecurityQuestion -->
  <testcase classname="test_runner.RunCukeEndUserLogin" name="TenantLogin" time="0.0">
    <skipped/>
  </testcase> <!-- TenantLogin -->
  <testcase classname="test_runner.RunCukeEndUserLogin" name="TenantLoginfourin" time="0.0">
    <skipped/>
  </testcase> <!-- TenantLoginfourin -->
  <testcase classname="test_runner.RunCukeEndUserLogin" name="TenantLoginwithNARCRC" time="0.0">
    <skipped/>
  </testcase> <!-- TenantLoginwithNARCRC -->
  <testcase classname="test_runner.RunCukeEndUserLogin" name="TenantLoginwithNASecurity" time="0.0">
    <skipped/>
  </testcase> <!-- TenantLoginwithNASecurity -->
  <testcase classname="test_runner.RunCukeEndUserLogin" name="TenantLoginwithdisableemail" time="0.0">
    <skipped/>
  </testcase> <!-- TenantLoginwithdisableemail -->
  <testcase classname="test_runner.RunCukeEndUserLogin" name="TenantLoginwithdisablephone" time="0.0">
    <skipped/>
  </testcase> <!-- TenantLoginwithdisablephone -->
  <testcase classname="test_runner.RunCukeEndUserLogin" name="TenantLoginwithdisablesecurity" time="0.0">
    <skipped/>
  </testcase> <!-- TenantLoginwithdisablesecurity -->
  <testcase classname="test_runner.RunCukeEndUserLogin" name="TenantLoginwithemailandphone" time="0.0">
    <skipped/>
  </testcase> <!-- TenantLoginwithemailandphone -->
  <testcase classname="test_runner.RunCukeEndUserLogin" name="TenantLoginwithoutanyconfiguration" time="0.0">
    <skipped/>
  </testcase> <!-- TenantLoginwithoutanyconfiguration -->
  <testcase classname="test_runner.RunCukeEndUserLogin" name="TenantLoginwithoutsecurityandphone" time="0.0">
    <skipped/>
  </testcase> <!-- TenantLoginwithoutsecurityandphone -->
  <testcase classname="test_runner.RunCukeEndUserLogin" name="loginwithOCRCONC" time="0.0">
    <skipped/>
  </testcase> <!-- loginwithOCRCONC -->
  <testcase classname="test_runner.RunCukeEndUserLogin" name="loginwithRCOCONC" time="0.0">
    <skipped/>
  </testcase> <!-- loginwithRCOCONC -->
  <testcase classname="test_runner.RunCukeEndUserLogin" name="loginwithoc" time="0.0">
    <skipped/>
  </testcase> <!-- loginwithoc -->
  <testcase classname="test_runner.RunCukeEndUserLogin" name="loginwithocdoc" time="0.0">
    <skipped/>
  </testcase> <!-- loginwithocdoc -->
  <testcase classname="test_runner.RunCukeEndUserLogin" name="loginwithocncoc" time="0.0">
    <skipped/>
  </testcase> <!-- loginwithocncoc -->
  <testcase classname="test_runner.RunCukeEndUserLogin" name="loginwithococrc" time="0.0">
    <skipped/>
  </testcase> <!-- loginwithococrc -->
  <testcase classname="test_runner.RunCukeEndUserLogin" name="loginwithoconcrc" time="0.0">
    <skipped/>
  </testcase> <!-- loginwithoconcrc -->
  <testcase classname="test_runner.RunCukeEndUserLogin" name="loginwithocrcoc" time="0.0">
    <skipped/>
  </testcase> <!-- loginwithocrcoc -->
  <testcase classname="test_runner.RunCukeEndUserLogin" name="loginwithonc" time="0.0">
    <skipped/>
  </testcase> <!-- loginwithonc -->
  <testcase classname="test_runner.RunCukeEndUserLogin" name="loginwithoncoconc" time="0.0">
    <skipped/>
  </testcase> <!-- loginwithoncoconc -->
  <testcase classname="test_runner.RunCukeEndUserLogin" name="loginwithoncocrc" time="0.0">
    <skipped/>
  </testcase> <!-- loginwithoncocrc -->
  <testcase classname="test_runner.RunCukeEndUserLogin" name="loginwithoncrcoc" time="0.0">
    <skipped/>
  </testcase> <!-- loginwithoncrcoc -->
  <testcase classname="test_runner.RunCukeEndUserLogin" name="loginwithrc" time="0.0">
    <skipped/>
  </testcase> <!-- loginwithrc -->
  <testcase classname="test_runner.RunCukeEndUserLogin" name="loginwithrcococ" time="0.0">
    <skipped/>
  </testcase> <!-- loginwithrcococ -->
  <testcase classname="test_runner.RunCukeEndUserLogin" name="loginwithrconcoc" time="0.0">
    <skipped/>
  </testcase> <!-- loginwithrconcoc -->
  <testcase classname="test_runner.RunCukeEndUserLogin" name="loginwithrnc" time="0.0">
    <skipped/>
  </testcase> <!-- loginwithrnc -->
</testsuite> <!-- Cucumeber Test -->
